#
# There is insufficient memory for the Java Runtime Environment to continue.
# Native memory allocation (malloc) failed to allocate 35744 bytes for Chunk::new
# Possible reasons:
#   The system is out of physical RAM or swap space
#   The process is running with CompressedOops enabled, and the Java Heap may be blocking the growth of the native heap
# Possible solutions:
#   Reduce memory load on the system
#   Increase physical memory or swap space
#   Check if swap backing store is full
#   Decrease Java heap size (-Xmx/-Xms)
#   Decrease number of Java threads
#   Decrease Java thread stack sizes (-Xss)
#   Set larger code cache with -XX:ReservedCodeCacheSize=
#   JVM is running with Unscaled Compressed Oops mode in which the Java heap is
#     placed in the first 4GB address space. The Java Heap base address is the
#     maximum limit for the native heap growth. Please use -XX:HeapBaseMinAddress
#     to set the Java Heap base and to place the Java Heap above 4GB virtual address.
# This output file may be truncated or incomplete.
#
#  Out of Memory Error (allocation.cpp:389), pid=3448, tid=0x0000000000000f44
#
# JRE version: Java(TM) SE Runtime Environment (8.0_241-b07) (build 1.8.0_241-b07)
# Java VM: Java HotSpot(TM) 64-Bit Server VM (25.241-b07 mixed mode windows-amd64 compressed oops)
# Failed to write core dump. Minidumps are not enabled by default on client versions of Windows
#

---------------  T H R E A D  ---------------

Current thread (0x00000000197ee000):  JavaThread "C2 CompilerThread2" daemon [_thread_in_native, id=3908, stack(0x000000001a290000,0x000000001a390000)]

Stack: [0x000000001a290000,0x000000001a390000]
[error occurred during error reporting (printing stack bounds), id 0xc0000005]

Native frames: (J=compiled Java code, j=interpreted, Vv=VM code, C=native code)


Current CompileTask:
C2:   1381 1702       4       sun.nio.cs.UTF_8$Decoder::decodeArrayLoop (691 bytes)


---------------  P R O C E S S  ---------------

Java Threads: ( => current thread )
  0x0000000019893000 JavaThread "Service Thread" daemon [_thread_blocked, id=6692, stack(0x000000001a490000,0x000000001a590000)]
  0x00000000197f9000 JavaThread "C1 CompilerThread3" daemon [_thread_blocked, id=11492, stack(0x000000001a390000,0x000000001a490000)]
=>0x00000000197ee000 JavaThread "C2 CompilerThread2" daemon [_thread_in_native, id=3908, stack(0x000000001a290000,0x000000001a390000)]
  0x00000000197e8000 JavaThread "C2 CompilerThread1" daemon [_thread_in_native, id=7440, stack(0x000000001a190000,0x000000001a290000)]
  0x00000000197e5000 JavaThread "C2 CompilerThread0" daemon [_thread_in_native, id=4692, stack(0x000000001a090000,0x000000001a190000)]
  0x00000000197da000 JavaThread "Monitor Ctrl-Break" daemon [_thread_in_native, id=13804, stack(0x0000000019f90000,0x000000001a090000)]
  0x00000000197bd000 JavaThread "Attach Listener" daemon [_thread_blocked, id=1352, stack(0x0000000019e90000,0x0000000019f90000)]
  0x0000000019769800 JavaThread "Signal Dispatcher" daemon [_thread_blocked, id=13688, stack(0x0000000019d90000,0x0000000019e90000)]
  0x0000000019751800 JavaThread "Finalizer" daemon [_thread_blocked, id=400, stack(0x0000000019c30000,0x0000000019d30000)]
  0x0000000002bd8800 JavaThread "Reference Handler" daemon [_thread_blocked, id=7580, stack(0x0000000019b30000,0x0000000019c30000)]
  0x000000000296e000 JavaThread "main" [_thread_in_Java, id=14308, stack(0x0000000002840000,0x0000000002940000)]

Other Threads:
  0x0000000017969800 VMThread [stack: 0x0000000019630000,0x0000000019730000] [id=14964]
  0x00000000198b3800 WatcherThread [stack: 0x000000001a590000,0x000000001a690000] [id=14892]

VM state:not at safepoint (normal execution)

VM Mutex/Monitor currently owned by a thread: None

heap address: 0x0000000085400000, size: 1964 MB, Compressed Oops mode: 32-bit
Narrow klass base: 0x0000000000000000, Narrow klass shift: 3
Compressed class space size: 1073741824 Address: 0x0000000100000000

Heap:
 PSYoungGen      total 36864K, used 36095K [0x00000000d7180000, 0x00000000db980000, 0x0000000100000000)
  eden space 31744K, 97% used [0x00000000d7180000,0x00000000d8fc6e18,0x00000000d9080000)
  from space 5120K, 99% used [0x00000000d9580000,0x00000000d9a79070,0x00000000d9a80000)
  to   space 5120K, 0% used [0x00000000d9080000,0x00000000d9080000,0x00000000d9580000)
 ParOldGen       total 84992K, used 1709K [0x0000000085400000, 0x000000008a700000, 0x00000000d7180000)
  object space 84992K, 2% used [0x0000000085400000,0x00000000855ab400,0x000000008a700000)
 Metaspace       used 15437K, capacity 15754K, committed 16128K, reserved 1062912K
  class space    used 1893K, capacity 2003K, committed 2048K, reserved 1048576K

Card table byte_map: [0x0000000011fa0000,0x0000000012380000] byte_map_base: 0x0000000011b76000

Marking Bits: (ParMarkBitMap*) 0x000000005b70be30
 Begin Bits: [0x0000000012e10000, 0x0000000014cc0000)
 End Bits:   [0x0000000014cc0000, 0x0000000016b70000)

Polling page: 0x0000000000e10000

CodeCache: size=245760Kb used=5994Kb max_used=6024Kb free=239765Kb
 bounds [0x0000000002be0000, 0x00000000031d0000, 0x0000000011be0000]
 total_blobs=2078 nmethods=1709 adapters=279
 compilation: disabled (not enough contiguous free space left)

Compilation events (10 events):
Event: 1.373 Thread 0x00000000197f9000 nmethod 1706 0x00000000031aaa10 code [0x00000000031aab80, 0x00000000031aade8]
Event: 1.373 Thread 0x00000000197f9000 1707       3       org.codehaus.plexus.util.xml.Xpp3Dom::setValue (6 bytes)
Event: 1.373 Thread 0x00000000197f9000 nmethod 1707 0x00000000031aa6d0 code [0x00000000031aa820, 0x00000000031aa990]
Event: 1.373 Thread 0x00000000197f9000 1708       3       org.codehaus.plexus.util.xml.Xpp3Dom::addChild (32 bytes)
Event: 1.373 Thread 0x00000000197f9000 nmethod 1708 0x00000000031af390 code [0x00000000031af520, 0x00000000031af8d8]
Event: 1.373 Thread 0x00000000197f9000 1709       3       org.eclipse.sisu.plexus.DefaultPlexusBeans::iterator (9 bytes)
Event: 1.373 Thread 0x00000000197f9000 nmethod 1709 0x00000000031b5150 code [0x00000000031b52c0, 0x00000000031b5628]
Event: 1.373 Thread 0x00000000197f9000 1710       3       org.eclipse.sisu.plexus.DefaultPlexusBeans$Itr::<init> (23 bytes)
Event: 1.374 Thread 0x00000000197f9000 nmethod 1710 0x00000000031b4c10 code [0x00000000031b4d80, 0x00000000031b5048]
Event: 1.375 Thread 0x00000000197f9000 1711   !   3       org.codehaus.plexus.util.xml.pull.MXParser::parseComment (486 bytes)

GC Heap History (4 events):
Event: 0.729 GC heap before
{Heap before GC invocations=1 (full 0):
 PSYoungGen      total 36864K, used 31744K [0x00000000d7180000, 0x00000000d9a80000, 0x0000000100000000)
  eden space 31744K, 100% used [0x00000000d7180000,0x00000000d9080000,0x00000000d9080000)
  from space 5120K, 0% used [0x00000000d9580000,0x00000000d9580000,0x00000000d9a80000)
  to   space 5120K, 0% used [0x00000000d9080000,0x00000000d9080000,0x00000000d9580000)
 ParOldGen       total 84992K, used 0K [0x0000000085400000, 0x000000008a700000, 0x00000000d7180000)
  object space 84992K, 0% used [0x0000000085400000,0x0000000085400000,0x000000008a700000)
 Metaspace       used 8800K, capacity 9020K, committed 9088K, reserved 1056768K
  class space    used 1059K, capacity 1116K, committed 1152K, reserved 1048576K
Event: 0.734 GC heap after
Heap after GC invocations=1 (full 0):
 PSYoungGen      total 36864K, used 5099K [0x00000000d7180000, 0x00000000d9a80000, 0x0000000100000000)
  eden space 31744K, 0% used [0x00000000d7180000,0x00000000d7180000,0x00000000d9080000)
  from space 5120K, 99% used [0x00000000d9080000,0x00000000d957ad50,0x00000000d9580000)
  to   space 5120K, 0% used [0x00000000d9580000,0x00000000d9580000,0x00000000d9a80000)
 ParOldGen       total 84992K, used 305K [0x0000000085400000, 0x000000008a700000, 0x00000000d7180000)
  object space 84992K, 0% used [0x0000000085400000,0x000000008544c740,0x000000008a700000)
 Metaspace       used 8800K, capacity 9020K, committed 9088K, reserved 1056768K
  class space    used 1059K, capacity 1116K, committed 1152K, reserved 1048576K
}
Event: 0.987 GC heap before
{Heap before GC invocations=2 (full 0):
 PSYoungGen      total 36864K, used 36843K [0x00000000d7180000, 0x00000000d9a80000, 0x0000000100000000)
  eden space 31744K, 100% used [0x00000000d7180000,0x00000000d9080000,0x00000000d9080000)
  from space 5120K, 99% used [0x00000000d9080000,0x00000000d957ad50,0x00000000d9580000)
  to   space 5120K, 0% used [0x00000000d9580000,0x00000000d9580000,0x00000000d9a80000)
 ParOldGen       total 84992K, used 305K [0x0000000085400000, 0x000000008a700000, 0x00000000d7180000)
  object space 84992K, 0% used [0x0000000085400000,0x000000008544c740,0x000000008a700000)
 Metaspace       used 11682K, capacity 11934K, committed 12032K, reserved 1060864K
  class space    used 1441K, capacity 1511K, committed 1536K, reserved 1048576K
Event: 0.993 GC heap after
Heap after GC invocations=2 (full 0):
 PSYoungGen      total 36864K, used 5092K [0x00000000d7180000, 0x00000000db980000, 0x0000000100000000)
  eden space 31744K, 0% used [0x00000000d7180000,0x00000000d7180000,0x00000000d9080000)
  from space 5120K, 99% used [0x00000000d9580000,0x00000000d9a79070,0x00000000d9a80000)
  to   space 5120K, 0% used [0x00000000d9080000,0x00000000d9080000,0x00000000d9580000)
 ParOldGen       total 84992K, used 1709K [0x0000000085400000, 0x000000008a700000, 0x00000000d7180000)
  object space 84992K, 2% used [0x0000000085400000,0x00000000855ab400,0x000000008a700000)
 Metaspace       used 11682K, capacity 11934K, committed 12032K, reserved 1060864K
  class space    used 1441K, capacity 1511K, committed 1536K, reserved 1048576K
}

Deoptimization events (10 events):
Event: 0.852 Thread 0x000000000296e000 Uncommon trap: reason=unstable_if action=reinterpret pc=0x0000000002e678fc method=java.util.HashMap.getNode(ILjava/lang/Object;)Ljava/util/HashMap$Node; @ 129
Event: 1.141 Thread 0x000000000296e000 Uncommon trap: reason=unstable_if action=reinterpret pc=0x0000000002f957b4 method=java.util.concurrent.ConcurrentHashMap.putVal(Ljava/lang/Object;Ljava/lang/Object;Z)Ljava/lang/Object; @ 206
Event: 1.228 Thread 0x000000000296e000 Uncommon trap: reason=null_check action=make_not_entrant pc=0x0000000002d7e260 method=java.lang.String.equals(Ljava/lang/Object;)Z @ 8
Event: 1.235 Thread 0x000000000296e000 Uncommon trap: reason=unstable_if action=reinterpret pc=0x0000000002ea9214 method=sun.nio.cs.UTF_8$Decoder.decodeArrayLoop(Ljava/nio/ByteBuffer;Ljava/nio/CharBuffer;)Ljava/nio/charset/CoderResult; @ 84
Event: 1.235 Thread 0x000000000296e000 Uncommon trap: reason=unstable_if action=reinterpret pc=0x0000000002f3e7f4 method=org.codehaus.plexus.util.xml.pull.MXParser.parseStartTag()I @ 443
Event: 1.286 Thread 0x000000000296e000 Uncommon trap: reason=unstable_if action=reinterpret pc=0x0000000002de7050 method=java.lang.AbstractStringBuilder.append(Ljava/lang/String;)Ljava/lang/AbstractStringBuilder; @ 1
Event: 1.286 Thread 0x000000000296e000 Uncommon trap: reason=unstable_if action=reinterpret pc=0x0000000002dccb08 method=java.lang.AbstractStringBuilder.append(Ljava/lang/String;)Ljava/lang/AbstractStringBuilder; @ 1
Event: 1.294 Thread 0x000000000296e000 Uncommon trap: reason=unstable_if action=reinterpret pc=0x0000000002da41b0 method=java.lang.String.replace(CC)Ljava/lang/String; @ 2
Event: 1.329 Thread 0x000000000296e000 Uncommon trap: reason=unstable_if action=reinterpret pc=0x000000000316ab04 method=org.codehaus.plexus.util.xml.pull.MXParser.nextImpl()I @ 879
Event: 1.373 Thread 0x000000000296e000 Uncommon trap: reason=unstable_if action=reinterpret pc=0x00000000031651f8 method=org.codehaus.plexus.util.xml.pull.MXParser.isS(C)Z @ 21

Classes redefined (0 events):
No events

Internal exceptions (10 events):
Event: 0.672 Thread 0x000000000296e000 Exception <a 'java/lang/ArrayIndexOutOfBoundsException'> (0x00000000d8a595a8) thrown at [C:\ade\jenkins\workspace\8-2-build-windows-amd64-cygwin\jdk8u241\331\hotspot\src\share\vm\runtime\sharedRuntime.cpp, line 605]
Event: 0.672 Thread 0x000000000296e000 Exception <a 'java/lang/ArrayIndexOutOfBoundsException': 112> (0x00000000d8a5af68) thrown at [C:\ade\jenkins\workspace\8-2-build-windows-amd64-cygwin\jdk8u241\331\hotspot\src\share\vm\interpreter\interpreterRuntime.cpp, line 368]
Event: 0.773 Thread 0x000000000296e000 Exception <a 'java/lang/ArrayIndexOutOfBoundsException': 73> (0x00000000d772bc60) thrown at [C:\ade\jenkins\workspace\8-2-build-windows-amd64-cygwin\jdk8u241\331\hotspot\src\share\vm\interpreter\interpreterRuntime.cpp, line 368]
Event: 0.773 Thread 0x000000000296e000 Exception <a 'java/lang/ArrayIndexOutOfBoundsException': 131> (0x00000000d772d608) thrown at [C:\ade\jenkins\workspace\8-2-build-windows-amd64-cygwin\jdk8u241\331\hotspot\src\share\vm\interpreter\interpreterRuntime.cpp, line 368]
Event: 1.154 Thread 0x000000000296e000 Exception <a 'java/lang/NoClassDefFoundError': com/google/inject/servlet/ServletModuleTargetVisitor> (0x00000000d80831f0) thrown at [C:\ade\jenkins\workspace\8-2-build-windows-amd64-cygwin\jdk8u241\331\hotspot\src\share\vm\classfile\systemDictionary.cpp, 
Event: 1.155 Thread 0x000000000296e000 Exception <a 'java/lang/NoClassDefFoundError'> (0x00000000d80831f0) thrown at [C:\ade\jenkins\workspace\8-2-build-windows-amd64-cygwin\jdk8u241\331\hotspot\src\share\vm\prims\jvm.cpp, line 1506]
Event: 1.155 Thread 0x000000000296e000 Exception <a 'java/lang/NoClassDefFoundError': javax/annotation/Priority> (0x00000000d8087b20) thrown at [C:\ade\jenkins\workspace\8-2-build-windows-amd64-cygwin\jdk8u241\331\hotspot\src\share\vm\classfile\systemDictionary.cpp, line 199]
Event: 1.228 Thread 0x000000000296e000 Implicit null exception at 0x0000000002d7e098 to 0x0000000002d7e251
Event: 1.286 Thread 0x000000000296e000 Implicit null exception at 0x0000000002de6c96 to 0x0000000002de7039
Event: 1.286 Thread 0x000000000296e000 Implicit null exception at 0x0000000002dcc756 to 0x0000000002dccaf1

Events (10 events):
Event: 1.372 loading class org/apache/maven/model/ActivationFile done
Event: 1.373 Thread 0x000000000296e000 Uncommon trap: trap_request=0xffffff65 fr.pc=0x00000000031651f8
Event: 1.373 Thread 0x000000000296e000 DEOPT PACKING pc=0x00000000031651f8 sp=0x000000000293de20
Event: 1.373 Thread 0x000000000296e000 DEOPT UNPACKING pc=0x0000000002c2583b sp=0x000000000293dd50 mode 2
Event: 1.375 Thread 0x000000000296e000 DEOPT PACKING pc=0x000000000312f59b sp=0x000000000293d7c0
Event: 1.375 Thread 0x000000000296e000 DEOPT UNPACKING pc=0x0000000002c27890 sp=0x000000000293d5c0 mode 0
Event: 1.376 Thread 0x000000000296e000 DEOPT PACKING pc=0x000000000312f59b sp=0x000000000293d7c0
Event: 1.376 Thread 0x000000000296e000 DEOPT UNPACKING pc=0x0000000002c27890 sp=0x000000000293d5c0 mode 0
Event: 1.376 loading class org/apache/maven/model/Notifier
Event: 1.376 loading class org/apache/maven/model/Notifier done


Dynamic libraries:
0x00007ff6910a0000 - 0x00007ff6910d7000 	D:\jdk1.80\bin\java.exe
0x00007fff0c220000 - 0x00007fff0c410000 	C:\WINDOWS\SYSTEM32\ntdll.dll
0x00007fff0b960000 - 0x00007fff0ba12000 	C:\WINDOWS\System32\KERNEL32.DLL
0x00007fff09eb0000 - 0x00007fff0a153000 	C:\WINDOWS\System32\KERNELBASE.dll
0x00007fff0ae00000 - 0x00007fff0aea3000 	C:\WINDOWS\System32\ADVAPI32.dll
0x00007fff0c140000 - 0x00007fff0c1de000 	C:\WINDOWS\System32\msvcrt.dll
0x00007fff0b2b0000 - 0x00007fff0b347000 	C:\WINDOWS\System32\sechost.dll
0x00007fff0ace0000 - 0x00007fff0ae00000 	C:\WINDOWS\System32\RPCRT4.dll
0x00007fff0ab40000 - 0x00007fff0acd4000 	C:\WINDOWS\System32\USER32.dll
0x00007fff091b0000 - 0x00007fff091d1000 	C:\WINDOWS\System32\win32u.dll
0x00007fff0a9a0000 - 0x00007fff0a9c6000 	C:\WINDOWS\System32\GDI32.dll
0x00007fff091e0000 - 0x00007fff09374000 	C:\WINDOWS\System32\gdi32full.dll
0x00007fff0a210000 - 0x00007fff0a2ae000 	C:\WINDOWS\System32\msvcp_win.dll
0x00007fff09db0000 - 0x00007fff09eaa000 	C:\WINDOWS\System32\ucrtbase.dll
0x00007ffef95f0000 - 0x00007ffef9875000 	C:\WINDOWS\WinSxS\amd64_microsoft.windows.common-controls_6595b64144ccf1df_6.0.18362.720_none_e6beb5c51314836b\COMCTL32.dll
0x00007fff0b470000 - 0x00007fff0b7a6000 	C:\WINDOWS\System32\combase.dll
0x00007fff0a190000 - 0x00007fff0a210000 	C:\WINDOWS\System32\bcryptPrimitives.dll
0x00007fff0ba20000 - 0x00007fff0ba4e000 	C:\WINDOWS\System32\IMM32.DLL
0x000000005cce0000 - 0x000000005cdb2000 	D:\jdk1.80\jre\bin\msvcr100.dll
0x000000005aee0000 - 0x000000005b78c000 	D:\jdk1.80\jre\bin\server\jvm.dll
0x00007fff0a9d0000 - 0x00007fff0a9d8000 	C:\WINDOWS\System32\PSAPI.DLL
0x00007fff03120000 - 0x00007fff0312a000 	C:\WINDOWS\SYSTEM32\VERSION.dll
0x00007ffef07d0000 - 0x00007ffef07d9000 	C:\WINDOWS\SYSTEM32\WSOCK32.dll
0x00007fff04680000 - 0x00007fff046a4000 	C:\WINDOWS\SYSTEM32\WINMM.dll
0x00007fff0af30000 - 0x00007fff0af9f000 	C:\WINDOWS\System32\WS2_32.dll
0x00007fff04650000 - 0x00007fff0467d000 	C:\WINDOWS\SYSTEM32\WINMMBASE.dll
0x00007fff095e0000 - 0x00007fff0962a000 	C:\WINDOWS\System32\cfgmgr32.dll
0x00007fff046f0000 - 0x00007fff046ff000 	D:\jdk1.80\jre\bin\verify.dll
0x00007fff046c0000 - 0x00007fff046e9000 	D:\jdk1.80\jre\bin\java.dll
0x00007fff04570000 - 0x00007fff04593000 	D:\jdk1.80\jre\bin\instrument.dll
0x00007fff04550000 - 0x00007fff04566000 	D:\jdk1.80\jre\bin\zip.dll
0x00007fff0ba50000 - 0x00007fff0c135000 	C:\WINDOWS\System32\SHELL32.dll
0x00007fff0a480000 - 0x00007fff0a529000 	C:\WINDOWS\System32\shcore.dll
0x00007fff09630000 - 0x00007fff09db0000 	C:\WINDOWS\System32\windows.storage.dll
0x00007fff09130000 - 0x00007fff09153000 	C:\WINDOWS\System32\profapi.dll
0x00007fff09160000 - 0x00007fff091aa000 	C:\WINDOWS\System32\powrprof.dll
0x00007fff090e0000 - 0x00007fff090f0000 	C:\WINDOWS\System32\UMPDC.dll
0x00007fff0b180000 - 0x00007fff0b1d2000 	C:\WINDOWS\System32\shlwapi.dll
0x00007fff09110000 - 0x00007fff09121000 	C:\WINDOWS\System32\kernel.appcore.dll
0x00007fff0a2b0000 - 0x00007fff0a2c7000 	C:\WINDOWS\System32\cryptsp.dll
0x00007ffefc0f0000 - 0x00007ffefc10a000 	D:\IDEA\IntelliJ IDEA 2018.2.2\bin\breakgen64.dll
0x00007fff01240000 - 0x00007fff0125a000 	D:\jdk1.80\jre\bin\net.dll
0x00007fff08950000 - 0x00007fff089b7000 	C:\WINDOWS\system32\mswsock.dll
0x00007fff084c0000 - 0x00007fff084f3000 	C:\WINDOWS\system32\rsaenh.dll
0x00007fff0a160000 - 0x00007fff0a186000 	C:\WINDOWS\System32\bcrypt.dll
0x00007fff09000000 - 0x00007fff09025000 	C:\WINDOWS\SYSTEM32\USERENV.dll
0x00007fff08b20000 - 0x00007fff08b2c000 	C:\WINDOWS\SYSTEM32\CRYPTBASE.dll
0x00007fff08660000 - 0x00007fff0869a000 	C:\WINDOWS\SYSTEM32\IPHLPAPI.DLL
0x00007fff0afc0000 - 0x00007fff0afc8000 	C:\WINDOWS\System32\NSI.dll
0x00007ffefb670000 - 0x00007ffefb686000 	C:\WINDOWS\SYSTEM32\dhcpcsvc6.DLL
0x00007ffefb650000 - 0x00007ffefb66c000 	C:\WINDOWS\SYSTEM32\dhcpcsvc.DLL
0x00007fff086a0000 - 0x00007fff0876a000 	C:\WINDOWS\SYSTEM32\DNSAPI.dll
0x00007fff01220000 - 0x00007fff01232000 	D:\jdk1.80\jre\bin\nio.dll
0x00007fff044d0000 - 0x00007fff044da000 	C:\Users\9090\AppData\Local\Temp\jansi-1.16-3059263637626140733.dll
0x00007fff021b0000 - 0x00007fff021ba000 	C:\Users\9090\AppData\Local\Temp\jansi-1.16-9116481590576660463.dll

VM Arguments:
jvm_args: -Dmaven.multiModuleProjectDirectory=D:\java_java_java\health\health_parent\health_jobs -DarchetypeCatalog=internal -Dfile.encoding=utf-8 -Dmaven.home=D:\apache-maven-3.5.2 -Dclassworlds.conf=D:\apache-maven-3.5.2\bin\m2.conf -javaagent:D:\IDEA\IntelliJ IDEA 2018.2.2\lib\idea_rt.jar=12481:D:\IDEA\IntelliJ IDEA 2018.2.2\bin 
java_command: org.codehaus.classworlds.Launcher -Didea.version=2018.2.2 -s D:\apache-maven-3.5.2\conf\settings.xml -Dmaven.repo.local=D:\Maven_Repository org.apache.maven.plugins:maven-clean-plugin:2.5:clean
java_class_path (initial): D:\apache-maven-3.5.2\boot\plexus-classworlds-2.5.2.jar;D:\IDEA\IntelliJ IDEA 2018.2.2\lib\idea_rt.jar
Launcher Type: SUN_STANDARD

Environment Variables:
JAVA_HOME=D:\Java JDK\JDK1.8
PATH=C:\Program Files (x86)\Common Files\Oracle\Java\javapath;C:\ProgramData\Oracle\Java\javapath;D:\Java JDK\JDK1.8\bin;D:\apache-maven-3.5.2\bin;C:\WINDOWS\system32;C:\WINDOWS;C:\WINDOWS\System32\Wbem;C:\WINDOWS\System32\WindowsPowerShell\v1.0\;C:\WINDOWS\System32\OpenSSH\;D:\MySQL\bin;C:\Program Files\Intel\WiFi\bin\;C:\Program Files\Common Files\Intel\WirelessCommon\;D:\Node-js\;C:\Program Files\TortoiseGit\bin;C:\Program Files\Git\cmd;C:\Users\9090\AppData\Local\Microsoft\WindowsApps;C:\Program Files\Bandizip\;C:\Users\9090\AppData\Roaming\npm
USERNAME=9090
OS=Windows_NT
PROCESSOR_IDENTIFIER=Intel64 Family 6 Model 142 Stepping 10, GenuineIntel



---------------  S Y S T E M  ---------------

OS: Windows 10.0 , 64 bit Build 18362 (10.0.18362.329)

CPU:total 8 (initial active 8) (4 cores per cpu, 2 threads per core) family 6 model 142 stepping 10, cmov, cx8, fxsr, mmx, sse, sse2, sse3, ssse3, sse4.1, sse4.2, popcnt, avx, avx2, aes, clmul, erms, 3dnowpref, lzcnt, ht, tsc, tscinvbit, bmi1, bmi2, adx

Memory: 4k page, physical 8038976k(975756k free), swap 18402816k(5132k free)

vm_info: Java HotSpot(TM) 64-Bit Server VM (25.241-b07) for windows-amd64 JRE (1.8.0_241-b07), built on Dec 11 2019 10:21:40 by "rejava" with MS VC++ 10.0 (VS2010)

time: Tue Apr 21 18:35:20 2020
timezone: 中国标准时间
elapsed time: 1 seconds (0d 0h 0m 1s)

